
> wanderer@0.18.5 preview
> vite preview --port 3000

  ➜  Local:   http://localhost:3000/
  ➜  Network: use --host to expose

<--- Last few GCs --->

[5667:0x814b000]    43735 ms: Mark-Compact (reduce) 2045.8 (2083.4) -> 2045.1 (2083.7) MB, pooled: 0 MB, 677.20 / 0.00 ms  (+ 470.5 ms in 0 steps since start of marking, biggest step 0.0 ms, walltime since start of marking 1236 ms) (average mu = 0.290, cu[5667:0x814b000]    47087 ms: Mark-Compact 2046.1 (2083.7) -> 2045.5 (2087.2) MB, pooled: 0 MB, 3344.54 / 0.00 ms  (average mu = 0.102, current mu = 0.002) allocation failure; scavenge might not succeed


<--- JS stacktrace --->

FATAL ERROR: Reached heap limit Allocation failed - JavaScript heap out of memory
----- Native stack trace -----

 1: 0xe40d24 node::OOMErrorHandler(char const*, v8::OOMDetails const&) [node]
 2: 0x1216be0 v8::Utils::ReportOOMFailure(v8::internal::Isolate*, char const*, v8::OOMDetails const&) [node]
 3: 0x1216eb7 v8::internal::V8::FatalProcessOutOfMemory(v8::internal::Isolate*, char const*, v8::OOMDetails const&) [node]
 4: 0x1444875  [node]
 5: 0x145e109 v8::internal::Heap::CollectGarbage(v8::internal::AllocationSpace, v8::internal::GarbageCollectionReason, v8::GCCallbackFlags) [node]
 6: 0x14327b8 v8::internal::HeapAllocator::AllocateRawWithLightRetrySlowPath(int, v8::internal::AllocationType, v8::internal::AllocationOrigin, v8::internal::AllocationAlignment) [node]
 7: 0x14336e5 v8::internal::HeapAllocator::AllocateRawWithRetryOrFailSlowPath(int, v8::internal::AllocationType, v8::internal::AllocationOrigin, v8::internal::AllocationAlignment) [node]
 8: 0x140c3be v8::internal::Factory::NewFillerObject(int, v8::internal::AllocationAlignment, v8::internal::AllocationType, v8::internal::AllocationOrigin) [node]
 9: 0x186da1c v8::internal::Runtime_AllocateInYoungGeneration(int, unsigned long*, v8::internal::Isolate*) [node]
10: 0x7f3c372ac476
Aborted
